<?xml version="1.0" encoding="UTF-8"?>
<!-- Generated by org.testng.reporters.JUnitReportReporter -->
<testsuite hostname="Cobra" failures="0" tests="1" name="com.murali.learnings.automation.selautomationfw.tests.SmokeTest" time="1.693" errors="0" timestamp="2022-12-19T20:17:12 IST" skipped="0">
  <testcase classname="com.murali.learnings.automation.selautomationfw.tests.SmokeTest" name="verifySearchOfItems" time="1.693"/>
  <system-out/>
</testsuite> <!-- com.murali.learnings.automation.selautomationfw.tests.SmokeTest -->
