<?xml version="1.0" encoding="UTF-8"?>
<!-- Generated by org.testng.reporters.JUnitReportReporter -->
<testsuite hostname="Cobra" failures="0" tests="1" name="com.murali.learnings.automation.selautomationfw.tests.PageObjectTest" time="2.367" errors="0" timestamp="2022-12-27T20:53:41 IST" skipped="0">
  <testcase classname="com.murali.learnings.automation.selautomationfw.tests.PageObjectTest" name="verifySearchOfItems" time="2.367"/>
  <system-out/>
</testsuite> <!-- com.murali.learnings.automation.selautomationfw.tests.PageObjectTest -->
