<?xml version="1.0" encoding="UTF-8"?>
<!-- Generated by org.testng.reporters.JUnitReportReporter -->
<testsuite hostname="Cobra" failures="0" tests="2" name="com.murali.learnings.automation.selautomationfw.tests.PageObjectTest" time="1.931" errors="0" timestamp="2022-12-23T20:44:07 IST" skipped="0">
  <testcase classname="com.murali.learnings.automation.selautomationfw.tests.PageObjectTest" name="validateElectronicsPage" time="0.003"/>
  <system-out/>
  <testcase classname="com.murali.learnings.automation.selautomationfw.tests.PageObjectTest" name="verifySearchOfItems" time="1.928"/>
  <system-out/>
</testsuite> <!-- com.murali.learnings.automation.selautomationfw.tests.PageObjectTest -->
